[0.411s] Invoking command in '/home/hirom/ros2_ws/src/mypkg': PYTHONPATH=/home/hirom/ros2_ws/src/mypkg/install/mypkg/lib/python3.10/site-packages:${PYTHONPATH} /usr/bin/python3 setup.py egg_info --egg-base build/mypkg build --build-base /home/hirom/ros2_ws/src/mypkg/build/mypkg/build install --prefix /home/hirom/ros2_ws/src/mypkg/install/mypkg --record /home/hirom/ros2_ws/src/mypkg/build/mypkg/install.log --single-version-externally-managed
[0.556s] running egg_info
[0.556s] creating build/mypkg/mypkg.egg-info
[0.556s] writing build/mypkg/mypkg.egg-info/PKG-INFO
[0.557s] writing dependency_links to build/mypkg/mypkg.egg-info/dependency_links.txt
[0.557s] writing entry points to build/mypkg/mypkg.egg-info/entry_points.txt
[0.557s] writing requirements to build/mypkg/mypkg.egg-info/requires.txt
[0.557s] writing top-level names to build/mypkg/mypkg.egg-info/top_level.txt
[0.558s] writing manifest file 'build/mypkg/mypkg.egg-info/SOURCES.txt'
[0.559s] reading manifest file 'build/mypkg/mypkg.egg-info/SOURCES.txt'
[0.560s] writing manifest file 'build/mypkg/mypkg.egg-info/SOURCES.txt'
[0.560s] running build
[0.560s] running build_py
[0.560s] creating /home/hirom/ros2_ws/src/mypkg/build/mypkg/build
[0.561s] creating /home/hirom/ros2_ws/src/mypkg/build/mypkg/build/lib
[0.561s] creating /home/hirom/ros2_ws/src/mypkg/build/mypkg/build/lib/mypkg
[0.561s] copying mypkg/talker.py -> /home/hirom/ros2_ws/src/mypkg/build/mypkg/build/lib/mypkg
[0.561s] copying mypkg/__init__.py -> /home/hirom/ros2_ws/src/mypkg/build/mypkg/build/lib/mypkg
[0.561s] running install
[0.562s] /usr/lib/python3/dist-packages/setuptools/command/install.py:34: SetuptoolsDeprecationWarning: setup.py install is deprecated. Use build and pip and other standards-based tools.
[0.562s]   warnings.warn(
[0.562s] running install_lib
[0.562s] creating /home/hirom/ros2_ws/src/mypkg/install/mypkg/lib/python3.10/site-packages/mypkg
[0.563s] copying /home/hirom/ros2_ws/src/mypkg/build/mypkg/build/lib/mypkg/talker.py -> /home/hirom/ros2_ws/src/mypkg/install/mypkg/lib/python3.10/site-packages/mypkg
[0.563s] copying /home/hirom/ros2_ws/src/mypkg/build/mypkg/build/lib/mypkg/__init__.py -> /home/hirom/ros2_ws/src/mypkg/install/mypkg/lib/python3.10/site-packages/mypkg
[0.563s] byte-compiling /home/hirom/ros2_ws/src/mypkg/install/mypkg/lib/python3.10/site-packages/mypkg/talker.py to talker.cpython-310.pyc
[0.563s] byte-compiling /home/hirom/ros2_ws/src/mypkg/install/mypkg/lib/python3.10/site-packages/mypkg/__init__.py to __init__.cpython-310.pyc
[0.563s] running install_data
[0.564s] creating /home/hirom/ros2_ws/src/mypkg/install/mypkg/share/ament_index
[0.564s] creating /home/hirom/ros2_ws/src/mypkg/install/mypkg/share/ament_index/resource_index
[0.564s] creating /home/hirom/ros2_ws/src/mypkg/install/mypkg/share/ament_index/resource_index/packages
[0.564s] copying resource/mypkg -> /home/hirom/ros2_ws/src/mypkg/install/mypkg/share/ament_index/resource_index/packages
[0.564s] copying package.xml -> /home/hirom/ros2_ws/src/mypkg/install/mypkg/share/mypkg
[0.565s] running install_egg_info
[0.565s] Copying build/mypkg/mypkg.egg-info to /home/hirom/ros2_ws/src/mypkg/install/mypkg/lib/python3.10/site-packages/mypkg-0.0.0-py3.10.egg-info
[0.566s] running install_scripts
[0.582s] Installing listener script to /home/hirom/ros2_ws/src/mypkg/install/mypkg/lib/mypkg
[0.582s] Installing talker script to /home/hirom/ros2_ws/src/mypkg/install/mypkg/lib/mypkg
[0.582s] writing list of installed files to '/home/hirom/ros2_ws/src/mypkg/build/mypkg/install.log'
[0.600s] Invoked command in '/home/hirom/ros2_ws/src/mypkg' returned '0': PYTHONPATH=/home/hirom/ros2_ws/src/mypkg/install/mypkg/lib/python3.10/site-packages:${PYTHONPATH} /usr/bin/python3 setup.py egg_info --egg-base build/mypkg build --build-base /home/hirom/ros2_ws/src/mypkg/build/mypkg/build install --prefix /home/hirom/ros2_ws/src/mypkg/install/mypkg --record /home/hirom/ros2_ws/src/mypkg/build/mypkg/install.log --single-version-externally-managed
